<?xml version="1.0" encoding="UTF-8"?>
<testsuite name="DartsTest" tests="5" skipped="0" failures="0" errors="0" timestamp="2019-10-29T10:31:01" hostname="Nurbol-Aspire-E5-576G" time="0.004">
  <properties/>
  <testcase name="testDartLandsOnBorderBetweenOutsideAndMiddleCircles" classname="DartsTest" time="0.002"/>
  <testcase name="testDartLandsInTheInnerCircle" classname="DartsTest" time="0.0"/>
  <testcase name="testDartOutsideTarget" classname="DartsTest" time="0.0"/>
  <testcase name="testDartLandsOnMiddleOfCircle" classname="DartsTest" time="0.0"/>
  <testcase name="testDartLandsOnBorderOfTarget" classname="DartsTest" time="0.0"/>
  <system-out><![CDATA[]]></system-out>
  <system-err><![CDATA[]]></system-err>
</testsuite>
